Build started 2/11/2013 5:59:16 PM.
     1>Project "C:\Users\admin\Downloads\boostlib\boost_lib\boost_lib\boost_lib.vcxproj" on node 2 (build target(s)).
     1>InitializeBuildStatus:
         Touching "Debug\boost_lib.unsuccessfulbuild".
       ClCompile:
         C:\Program Files (x86)\Microsoft Visual Studio 10.0\VC\bin\CL.exe /c /ZI /nologo /W3 /WX- /Od /Oy- /D _MBCS /Gm /EHsc /RTC1 /MDd /GS /fp:precise /Zc:wchar_t /Zc:forScope /Fo"Debug\\" /Fd"Debug\vc100.pdb" /Gd /TP /analyze- /errorReport:prompt load_wordnet.cpp main.cpp wordnet.cpp
         wordnet.cpp
     1>c:\users\admin\downloads\boostlib\boost_lib\boost_lib\headers\boost\config.hpp(53): fatal error C1083: Cannot open include file: 'boost/config/platform/win32.hpp': No such file or directory
         main.cpp
     1>c:\users\admin\downloads\boostlib\boost_lib\boost_lib\headers\boost\config.hpp(53): fatal error C1083: Cannot open include file: 'boost/config/platform/win32.hpp': No such file or directory
         load_wordnet.cpp
     1>c:\users\admin\downloads\boostlib\boost_lib\boost_lib\headers\boost\config.hpp(53): fatal error C1083: Cannot open include file: 'boost/config/platform/win32.hpp': No such file or directory
         Generating Code...
     1>Done Building Project "C:\Users\admin\Downloads\boostlib\boost_lib\boost_lib\boost_lib.vcxproj" (build target(s)) -- FAILED.

Build FAILED.

Time Elapsed 00:00:05.61
